origin	https://github.com/Yannick-Grunder/API-2021-UDP-Orchestra (fetch)
origin	https://github.com/Yannick-Grunder/API-2021-UDP-Orchestra (push)
Starting auditor container "122155ea7a45971878b593bb2b0f9aba780f29993a0691eaffd0e5fb8794b57e"
Starting auditor container "71519276131f57e480c1dae06e152e69b20e4eab16543c4eef134b7ab5d26018"
Starting auditor container "febb062ac4b8639ef0a8557f32b9a887fdf3bb8914e379b2232f0da9b9d40a60"
Starting auditor container "93460b7ed66dbb5737c33b350c53cc4c512cb3f5cddfdc191a72951404355f6d"
Starting auditor container "634b4098854610d48837da0b1667e2c53ef99f57273e5df669d0581aee5add66"
Starting auditor container "434706b40a5e6f85e78078fdd7286917f9e1660b5a057e08e0dffeeb292d5a9c"
Starting auditor container "7509ccfcfc5d704d93308106c6b5c62f0d713bb87b522be7304f65edcd8aeefb"
Starting auditor container "a93d0d0e16a661cbdebff6ff092473bbd58f6f5da1b7ebd884117818f9e46416"
Starting auditor container "09895097721f4ee7bbd5f161a4a2915a6a41705b2326889a885a5556d11afb85"
Starting auditor container "d3b8cfcecfb3e091a9c7cb4994cc407313d49ecfb2cb6a9b039c0761887fa548"
Starting auditor container "8d1baa1d904b6e0e90387b7cf5854937bd36b79c9610718a5cdf4309e980f98c"
11 containers have been started.
8d1baa1d904b6e0e90387b7cf5854937bd36b79c9610718a5cdf4309e980f98c : /opt/app/app.js,drum
434706b40a5e6f85e78078fdd7286917f9e1660b5a057e08e0dffeeb292d5a9c : /opt/app/app.js,trumpet
71519276131f57e480c1dae06e152e69b20e4eab16543c4eef134b7ab5d26018 : /opt/app/app.js,flute
93460b7ed66dbb5737c33b350c53cc4c512cb3f5cddfdc191a72951404355f6d : /opt/app/app.js,trumpet
09895097721f4ee7bbd5f161a4a2915a6a41705b2326889a885a5556d11afb85 : /opt/app/app.js,drum
7509ccfcfc5d704d93308106c6b5c62f0d713bb87b522be7304f65edcd8aeefb : /opt/app/app.js,trumpet
122155ea7a45971878b593bb2b0f9aba780f29993a0691eaffd0e5fb8794b57e : /opt/app/app.js,violin
d3b8cfcecfb3e091a9c7cb4994cc407313d49ecfb2cb6a9b039c0761887fa548 : /opt/app/app.js,trumpet
634b4098854610d48837da0b1667e2c53ef99f57273e5df669d0581aee5add66 : /opt/app/app.js,violin
febb062ac4b8639ef0a8557f32b9a887fdf3bb8914e379b2232f0da9b9d40a60 : /opt/app/app.js,trumpet
a93d0d0e16a661cbdebff6ff092473bbd58f6f5da1b7ebd884117818f9e46416 : /opt/app/app.js
Auditor validation: success: ["drum","drum","flute","trumpet","trumpet","trumpet","trumpet","trumpet","violin","violin"]
There are 10 musicians, let's kill one
killed 434706b40a5e6f85e78078fdd7286917f9e1660b5a057e08e0dffeeb292d5a9c
Auditor validation: success: ["drum","drum","flute","trumpet","trumpet","trumpet","trumpet","violin","violin"]
Scheduling a new test
There are 9 musicians, let's kill one
killed 71519276131f57e480c1dae06e152e69b20e4eab16543c4eef134b7ab5d26018
Auditor validation: success: ["drum","drum","trumpet","trumpet","trumpet","trumpet","violin","violin"]
Scheduling a new test
There are 8 musicians, let's kill one
killed 93460b7ed66dbb5737c33b350c53cc4c512cb3f5cddfdc191a72951404355f6d
Auditor validation: success: ["drum","drum","trumpet","trumpet","trumpet","violin","violin"]
Scheduling a new test
There are 7 musicians, let's kill one
killed d3b8cfcecfb3e091a9c7cb4994cc407313d49ecfb2cb6a9b039c0761887fa548
Auditor validation: success: ["drum","drum","trumpet","trumpet","violin","violin"]
Scheduling a new test
We have done all tests.
